c:\users\dwads\documents\github\intelligencequest\intelligencequest\x64\debug\intelligencequest.pch
c:\users\dwads\documents\github\intelligencequest\intelligencequest\x64\debug\vc141.pdb
c:\users\dwads\documents\github\intelligencequest\intelligencequest\x64\debug\vc141.idb
c:\users\dwads\documents\github\intelligencequest\intelligencequest\x64\debug\stdafx.obj
c:\users\dwads\documents\github\intelligencequest\intelligencequest\x64\debug\component_physics.obj
c:\users\dwads\documents\github\intelligencequest\intelligencequest\x64\debug\component_movement.obj
c:\users\dwads\documents\github\intelligencequest\intelligencequest\x64\debug\component_collision.obj
c:\users\dwads\documents\github\intelligencequest\intelligencequest\x64\debug\component_animation.obj
c:\users\dwads\documents\github\intelligencequest\intelligencequest\x64\debug\command_render_static.obj
c:\users\dwads\documents\github\intelligencequest\intelligencequest\x64\debug\command_movement_animation.obj
c:\users\dwads\documents\github\intelligencequest\intelligencequest\x64\debug\command_force.obj
c:\users\dwads\documents\github\intelligencequest\intelligencequest\x64\debug\command_frame_animation.obj
c:\users\dwads\documents\github\intelligencequest\intelligencequest\x64\debug\command_render_dynamic.obj
c:\users\dwads\documents\github\intelligencequest\intelligencequest\x64\debug\command_controller_pause.obj
c:\users\dwads\documents\github\intelligencequest\intelligencequest\x64\debug\command_controller_move.obj
c:\users\dwads\documents\github\intelligencequest\intelligencequest\x64\debug\command_controller_check_action.obj
c:\users\dwads\documents\github\intelligencequest\intelligencequest\x64\debug\command_check_collision.obj
c:\users\dwads\documents\github\intelligencequest\intelligencequest\x64\debug\command_camera.obj
c:\users\dwads\documents\github\intelligencequest\intelligencequest\x64\debug\collision_world.obj
c:\users\dwads\documents\github\intelligencequest\intelligencequest\x64\debug\collider_polygon.obj
c:\users\dwads\documents\github\intelligencequest\intelligencequest\x64\debug\collider_circle.obj
c:\users\dwads\documents\github\intelligencequest\intelligencequest\x64\debug\collider_boundary.obj
c:\users\dwads\documents\github\intelligencequest\intelligencequest\x64\debug\collider.obj
c:\users\dwads\documents\github\intelligencequest\intelligencequest\x64\debug\asset_manager.obj
c:\users\dwads\documents\github\intelligencequest\intelligencequest\x64\debug\texture_manager.obj
c:\users\dwads\documents\github\intelligencequest\intelligencequest\x64\debug\quad_tree.obj
c:\users\dwads\documents\github\intelligencequest\intelligencequest\x64\debug\intelligence_quest.obj
c:\users\dwads\documents\github\intelligencequest\intelligencequest\x64\debug\game_object_tile_map.obj
c:\users\dwads\documents\github\intelligencequest\intelligencequest\x64\debug\game_object_collision_map.obj
c:\users\dwads\documents\github\intelligencequest\intelligencequest\x64\debug\game_object.obj
c:\users\dwads\documents\github\intelligencequest\intelligencequest\x64\debug\game.obj
c:\users\dwads\documents\github\intelligencequest\intelligencequest\x64\debug\ecs.obj
c:\users\dwads\documents\github\intelligencequest\intelligencequest\x64\debug\data_load_tiles.obj
c:\users\dwads\documents\github\intelligencequest\intelligencequest\x64\debug\data_load_controller.obj
c:\users\dwads\documents\github\intelligencequest\intelligencequest\x64\debug\controller.obj
c:\users\dwads\documents\github\intelligencequest\intelligencequest\x64\debug\component_ui_label.obj
c:\users\dwads\documents\github\intelligencequest\intelligencequest\x64\debug\component_transform.obj
c:\users\dwads\documents\github\intelligencequest\intelligencequest\x64\debug\component_text_box.obj
c:\users\dwads\documents\github\intelligencequest\intelligencequest\x64\debug\component_render.obj
c:\users\dwads\documents\github\intelligencequest\intelligencequest\x64\debug\game_object_player.obj
c:\users\dwads\documents\github\intelligencequest\x64\debug\intelligencequest.exe
c:\users\dwads\documents\github\intelligencequest\x64\debug\intelligencequest.ilk
c:\users\dwads\documents\github\intelligencequest\x64\debug\intelligencequest.pdb
c:\users\dwads\documents\github\intelligencequest\intelligencequest\x64\debug\intellig.935135e8.tlog\cl.command.1.tlog
c:\users\dwads\documents\github\intelligencequest\intelligencequest\x64\debug\intellig.935135e8.tlog\cl.read.1.tlog
c:\users\dwads\documents\github\intelligencequest\intelligencequest\x64\debug\intellig.935135e8.tlog\cl.write.1.tlog
c:\users\dwads\documents\github\intelligencequest\intelligencequest\x64\debug\intellig.935135e8.tlog\link.command.1.tlog
c:\users\dwads\documents\github\intelligencequest\intelligencequest\x64\debug\intellig.935135e8.tlog\link.read.1.tlog
c:\users\dwads\documents\github\intelligencequest\intelligencequest\x64\debug\intellig.935135e8.tlog\link.write.1.tlog
